{
  "RSpec": {
    "coverage": {
      "/Users/chasedunagan/projects/dokkan/app/helpers/application_helper.rb": [
        1,
        null
      ],
      "/Users/chasedunagan/projects/dokkan/app/models/card.rb": [
        1,
        1,
        1,
        null,
        1,
        1,
        null
      ],
      "/Users/chasedunagan/projects/dokkan/app/models/application_record.rb": [
        1,
        1,
        null
      ],
      "/Users/chasedunagan/projects/dokkan/app/models/user_card.rb": [
        1,
        1,
        1,
        null
      ],
      "/Users/chasedunagan/projects/dokkan/app/models/user.rb": [
        1,
        1,
        1,
        1,
        1,
        1,
        null,
        1,
        1,
        null
      ],
      "/Users/chasedunagan/projects/dokkan/app/controllers/home_controller.rb": [
        1,
        1,
        null,
        null,
        null
      ],
      "/Users/chasedunagan/projects/dokkan/app/controllers/application_controller.rb": [
        1,
        1,
        null,
        1,
        null,
        1,
        33,
        null,
        null
      ],
      "/Users/chasedunagan/projects/dokkan/app/controllers/users_controller.rb": [
        1,
        1,
        4,
        null,
        null,
        1,
        1,
        1,
        1,
        1,
        null,
        0,
        0,
        0,
        null,
        null,
        null,
        1,
        null,
        1,
        1,
        null,
        null,
        1,
        null,
        0,
        null,
        null
      ],
      "/Users/chasedunagan/projects/dokkan/app/controllers/sessions_controller.rb": [
        1,
        1,
        null,
        null,
        null,
        1,
        3,
        3,
        2,
        2,
        2,
        null,
        1,
        1,
        null,
        null,
        null,
        1,
        1,
        1,
        null,
        null
      ],
      "/Users/chasedunagan/projects/dokkan/app/channels/application_cable/channel.rb": [
        0,
        0,
        0,
        0
      ],
      "/Users/chasedunagan/projects/dokkan/app/channels/application_cable/connection.rb": [
        0,
        0,
        0,
        0
      ],
      "/Users/chasedunagan/projects/dokkan/app/jobs/application_job.rb": [
        0,
        0
      ],
      "/Users/chasedunagan/projects/dokkan/app/mailers/application_mailer.rb": [
        0,
        0,
        0,
        0
      ]
    },
    "timestamp": 1493696876
  }
}
